  FountainParticles.cpp
C:\Users\Dominic\Classes\Comp Graphics\ComputerGraphics\Homework3\FountainParticles.cpp(30,59): warning C4244: '=': conversion from 'double' to 'float', possible loss of data
C:\Users\Dominic\Classes\Comp Graphics\ComputerGraphics\Homework3\FountainParticles.cpp(31,61): warning C4244: '=': conversion from 'double' to 'float', possible loss of data
C:\Users\Dominic\Classes\Comp Graphics\ComputerGraphics\Homework3\FountainParticles.cpp(32,63): warning C4244: '=': conversion from 'double' to 'float', possible loss of data
C:\Users\Dominic\Classes\Comp Graphics\ComputerGraphics\Homework3\FountainParticles.cpp(35,69): warning C4305: '=': truncation from 'double' to 'float'
C:\Users\Dominic\Classes\Comp Graphics\ComputerGraphics\Homework3\FountainParticles.cpp(53,8): warning C4101: 'newOrientation': unreferenced local variable
C:\Users\Dominic\Classes\Comp Graphics\ComputerGraphics\Homework3\FountainParticles.cpp(52,8): warning C4101: 'newAcceleration': unreferenced local variable
  LoadShaders.cpp
  objReader2.cpp
C:\Users\Dominic\Classes\Comp Graphics\ComputerGraphics\Homework3\objReader2.cpp(101,33): warning C4267: '=': conversion from 'size_t' to 'int', possible loss of data
C:\Users\Dominic\Classes\Comp Graphics\ComputerGraphics\Homework3\objReader2.cpp(115,37): warning C4244: 'argument': conversion from 'float' to 'const unsigned __int64', possible loss of data
  ParticleSystem.cpp
C:\Users\Dominic\Classes\Comp Graphics\ComputerGraphics\Homework3\ParticleSystem.cpp(72,46): warning C4305: 'argument': truncation from 'double' to 'float'
C:\Users\Dominic\Classes\Comp Graphics\ComputerGraphics\Homework3\ParticleSystem.cpp(75,47): warning C4305: 'argument': truncation from 'double' to 'float'
C:\Users\Dominic\Classes\Comp Graphics\ComputerGraphics\Homework3\ParticleSystem.cpp(173,25): warning C4244: 'initializing': conversion from 'double' to 'GLuint', possible loss of data
C:\Users\Dominic\Classes\Comp Graphics\ComputerGraphics\Homework3\ParticleSystem.cpp(174,24): warning C4244: 'initializing': conversion from 'double' to 'GLuint', possible loss of data
C:\Users\Dominic\Classes\Comp Graphics\ComputerGraphics\Homework3\ParticleSystem.cpp(177,54): warning C4244: 'initializing': conversion from 'double' to 'size_t', possible loss of data
C:\Users\Dominic\Classes\Comp Graphics\ComputerGraphics\Homework3\ParticleSystem.cpp(199,59): warning C4312: 'type cast': conversion from 'GLuint' to 'const void *' of greater size
C:\Users\Dominic\Classes\Comp Graphics\ComputerGraphics\Homework3\ParticleSystem.cpp(202,59): warning C4312: 'type cast': conversion from 'GLuint' to 'const void *' of greater size
C:\Users\Dominic\Classes\Comp Graphics\ComputerGraphics\Homework3\ParticleSystem.cpp(258,80): warning C4244: 'argument': conversion from 'double' to 'float', possible loss of data
C:\Users\Dominic\Classes\Comp Graphics\ComputerGraphics\Homework3\ParticleSystem.cpp(258,36): warning C4244: 'argument': conversion from 'double' to 'float', possible loss of data
C:\Users\Dominic\Classes\Comp Graphics\ComputerGraphics\Homework3\ParticleSystem.cpp(313,22): warning C4244: '=': conversion from 'double' to 'float', possible loss of data
  Generating Code...
LINK : warning LNK4098: defaultlib 'MSVCRT' conflicts with use of other libs; use /NODEFAULTLIB:library
  Homework3.vcxproj -> C:\Users\Dominic\Classes\Comp Graphics\ComputerGraphics\Homework3\x64\Debug\Homework3.exe
